<?xml version="1.0" encoding="UTF-8"?>
<!-- Generated by org.testng.reporters.JUnitReportReporter -->
<testsuite skipped="0" hostname="DEL1-LHP-N02519" name="com.crm.qa.testcases.Purchase" tests="1" failures="0" timestamp="2020-10-17T10:16:57 IST" time="32.792" errors="0">
  <testcase name="placeOrder" time="32.792" classname="com.crm.qa.testcases.Purchase"/>
  <system-out/>
</testsuite> <!-- com.crm.qa.testcases.Purchase -->
